#
# A fatal error has been detected by the Java Runtime Environment:
#
#  EXCEPTION_ACCESS_VIOLATION (0xc0000005) at pc=0x00007ff9e884c530, pid=27988, tid=0x00000000000075c4
#
# JRE version: OpenJDK Runtime Environment (8.0_232-b09) (build 1.8.0_232-b09)
# Java VM: OpenJDK 64-Bit Server VM (25.232-b09 mixed mode windows-amd64 compressed oops)
# Problematic frame:
# C  [lwjgl.dll+0x1c530]
#
# Failed to write core dump. Minidumps are not enabled by default on client versions of Windows
#
# If you would like to submit a bug report, please visit:
#   
# The crash happened outside the Java Virtual Machine in native code.
# See problematic frame for where to report the bug.
#

---------------  T H R E A D  ---------------

Current thread (0x000001f618989800):  JavaThread "main" [_thread_in_native, id=30148, stack(0x00000098aa600000,0x00000098aa700000)]

siginfo: ExceptionCode=0xc0000005, reading address 0x000001f636df0020

Registers:
RAX=0x00007ff9e88499d0, RBX=0x000001f633276420, RCX=0x000001f636df0000, RDX=0x00000098aa6ff430
RSP=0x00000098aa6ff3a8, RBP=0x00000098aa6ff420, RSI=0x0000000000000108, RDI=0x00000000000004bb
R8 =0x000001f636df0000, R9 =0x000000076b9303d0, R10=0x000001f61a52495b, R11=0x0000000068f740c0
R12=0x0000000000000000, R13=0x000001f633276420, R14=0x00000098aa6ff448, R15=0x000001f618989800
RIP=0x00007ff9e884c530, EFLAGS=0x0000000000010202

Top of Stack: (sp=0x00000098aa6ff3a8)
0x00000098aa6ff3a8:   000001f61a524987 0000000000000000
0x00000098aa6ff3b8:   000001f6334d5e98 000001f618989800
0x00000098aa6ff3c8:   000001f600000000 000001f618989800
0x00000098aa6ff3d8:   000001f6334d5e98 00000098aa6ff3e0
0x00000098aa6ff3e8:   0000000000000000 00000098aa6ff448
0x00000098aa6ff3f8:   000001f633277d90 0000000000000000
0x00000098aa6ff408:   000001f633276420 0000000000000000
0x00000098aa6ff418:   00000098aa6ff440 00000098aa6ff490
0x00000098aa6ff428:   000001f61a507c90 000000076bcbefc8
0x00000098aa6ff438:   000001f61a519437 000001f636df0000
0x00000098aa6ff448:   0000000000000001 00000098aa6ff450
0x00000098aa6ff458:   000001f6332764c4 00000098aa6ff4a8
0x00000098aa6ff468:   000001f633277d90 0000000000000000
0x00000098aa6ff478:   000001f6332764f0 00000098aa6ff440
0x00000098aa6ff488:   00000098aa6ff4a0 00000098aa6ff4f0
0x00000098aa6ff498:   000001f61a507c90 000001f636df0000 

Instructions: (pc=0x00007ff9e884c530)
0x00007ff9e884c510:   8d 41 08 49 89 00 0f b7 01 c3 cc cc cc cc cc cc
0x00007ff9e884c520:   ba 28 00 00 00 e9 e6 00 00 00 cc cc cc cc cc cc
0x00007ff9e884c530:   48 8b 41 20 c3 cc cc cc cc cc cc cc cc cc cc cc
0x00007ff9e884c540:   4c 89 41 18 4c 89 49 20 c3 cc cc cc cc cc cc cc 


Register to memory mapping:

RAX=0x00007ff9e88499d0 is an unknown value
RBX={method} {0x000001f633276428} 'ndcbGetUserData' '(J)J' in 'org/lwjgl/system/dyncall/DynCallback'
RCX=0x000001f636df0000 is an unknown value
RDX=0x00000098aa6ff430 is pointing into the stack for thread: 0x000001f618989800
RSP=0x00000098aa6ff3a8 is pointing into the stack for thread: 0x000001f618989800
RBP=0x00000098aa6ff420 is pointing into the stack for thread: 0x000001f618989800
RSI=0x0000000000000108 is an unknown value
RDI=0x00000000000004bb is an unknown value
R8 =0x000001f636df0000 is an unknown value
R9 =0x000000076b9303d0 is an oop
java.lang.Class 
 - klass: 'java/lang/Class'
R10=0x000001f61a52495b is at code_begin+1915 in an Interpreter codelet
method entry point (kind = native)  [0x000001f61a5241e0, 0x000001f61a5254c0]  4832 bytes
R11=0x0000000068f740c0 is an unknown value
R12=0x0000000000000000 is an unknown value
R13={method} {0x000001f633276428} 'ndcbGetUserData' '(J)J' in 'org/lwjgl/system/dyncall/DynCallback'
R14=0x00000098aa6ff448 is pointing into the stack for thread: 0x000001f618989800
R15=0x000001f618989800 is a thread


Stack: [0x00000098aa600000,0x00000098aa700000],  sp=0x00000098aa6ff3a8,  free space=1020k
Native frames: (J=compiled Java code, j=interpreted, Vv=VM code, C=native code)
C  [lwjgl.dll+0x1c530]

Java frames: (J=compiled Java code, j=interpreted, Vv=VM code)
j  org.lwjgl.system.dyncall.DynCallback.ndcbGetUserData(J)J+0
j  org.lwjgl.system.dyncall.DynCallback.dcbGetUserData(J)J+12
j  org.lwjgl.system.Callback.free(J)V+12
j  org.lwjgl.glfw.Callbacks.glfwFreeCallbacks(J)V+165
j  computergraphics.App.run()V+48
j  computergraphics.App.main([Ljava/lang/String;)V+7
v  ~StubRoutines::call_stub

---------------  P R O C E S S  ---------------

Java Threads: ( => current thread )
  0x000001f635d52000 JavaThread "Service Thread" daemon [_thread_blocked, id=31236, stack(0x00000098abd00000,0x00000098abe00000)]
  0x000001f63384e800 JavaThread "C1 CompilerThread3" daemon [_thread_blocked, id=26932, stack(0x00000098abc00000,0x00000098abd00000)]
  0x000001f63384b800 JavaThread "C2 CompilerThread2" daemon [_thread_blocked, id=26156, stack(0x00000098abb00000,0x00000098abc00000)]
  0x000001f63384a800 JavaThread "C2 CompilerThread1" daemon [_thread_blocked, id=6532, stack(0x00000098aba00000,0x00000098abb00000)]
  0x000001f633848800 JavaThread "C2 CompilerThread0" daemon [_thread_blocked, id=30664, stack(0x00000098ab900000,0x00000098aba00000)]
  0x000001f633845800 JavaThread "JDWP Command Reader" daemon [_thread_in_native, id=31396, stack(0x00000098ab800000,0x00000098ab900000)]
  0x000001f633840800 JavaThread "JDWP Event Helper Thread" daemon [_thread_blocked, id=29244, stack(0x00000098ab700000,0x00000098ab800000)]
  0x000001f63383d800 JavaThread "JDWP Transport Listener: dt_socket" daemon [_thread_blocked, id=29828, stack(0x00000098ab600000,0x00000098ab700000)]
  0x000001f635cb2800 JavaThread "Attach Listener" daemon [_thread_blocked, id=7636, stack(0x00000098ab500000,0x00000098ab600000)]
  0x000001f633808800 JavaThread "Signal Dispatcher" daemon [_thread_blocked, id=23892, stack(0x00000098ab400000,0x00000098ab500000)]
  0x000001f6337ed800 JavaThread "Finalizer" daemon [_thread_blocked, id=11448, stack(0x00000098ab300000,0x00000098ab400000)]
  0x000001f6337e6000 JavaThread "Reference Handler" daemon [_thread_blocked, id=15908, stack(0x00000098ab200000,0x00000098ab300000)]
=>0x000001f618989800 JavaThread "main" [_thread_in_native, id=30148, stack(0x00000098aa600000,0x00000098aa700000)]

Other Threads:
  0x000001f6337ba800 VMThread [stack: 0x00000098ab100000,0x00000098ab200000] [id=27580]
  0x000001f635d54000 WatcherThread [stack: 0x00000098abe00000,0x00000098abf00000] [id=31340]

VM state:not at safepoint (normal execution)

VM Mutex/Monitor currently owned by a thread: None

heap address: 0x00000006c1800000, size: 4072 MB, Compressed Oops mode: Zero based, Oop shift amount: 3
Narrow klass base: 0x0000000000000000, Narrow klass shift: 3
Compressed class space size: 1073741824 Address: 0x00000007c0000000

Heap:
 PSYoungGen      total 76288K, used 18465K [0x000000076b300000, 0x0000000770800000, 0x00000007c0000000)
  eden space 65536K, 28% used [0x000000076b300000,0x000000076c508420,0x000000076f300000)
  from space 10752K, 0% used [0x000000076fd80000,0x000000076fd80000,0x0000000770800000)
  to   space 10752K, 0% used [0x000000076f300000,0x000000076f300000,0x000000076fd80000)
 ParOldGen       total 175104K, used 0K [0x00000006c1800000, 0x00000006cc300000, 0x000000076b300000)
  object space 175104K, 0% used [0x00000006c1800000,0x00000006c1800000,0x00000006cc300000)
 Metaspace       used 8272K, capacity 8489K, committed 8832K, reserved 1056768K
  class space    used 671K, capacity 775K, committed 896K, reserved 1048576K

Card table byte_map: [0x000001f6298c0000,0x000001f62a0c0000] byte_map_base: 0x000001f6262b4000

Marking Bits: (ParMarkBitMap*) 0x0000000069505f70
 Begin Bits: [0x000001f62a610000, 0x000001f62e5b0000)
 End Bits:   [0x000001f62e5b0000, 0x000001f632550000)

Polling page: 0x000001f618c20000

CodeCache: size=245760Kb used=2870Kb max_used=2878Kb free=242890Kb
 bounds [0x000001f61a500000, 0x000001f61a7e0000, 0x000001f629500000]
 total_blobs=1488 nmethods=627 adapters=783
 compilation: enabled

Compilation events (10 events):
Event: 4.899 Thread 0x000001f63384e800  620       3       org.lwjgl.glfw.EventLoop$OnScreen::check (1 bytes)
Event: 4.899 Thread 0x000001f63384e800 nmethod 620 0x000001f61a7c1010 code [0x000001f61a7c1160, 0x000001f61a7c1298]
Event: 4.907 Thread 0x000001f63384e800  622       3       org.lwjgl.glfw.GLFW::glfwWindowShouldClose (29 bytes)
Event: 4.907 Thread 0x000001f63384e800 nmethod 622 0x000001f61a7cc510 code [0x000001f61a7cc6a0, 0x000001f61a7cca00]
Event: 4.916 Thread 0x000001f63384e800  624       3       org.lwjgl.opengl.GL11::glClear (5 bytes)
Event: 4.916 Thread 0x000001f63384e800 nmethod 624 0x000001f61a7c0890 code [0x000001f61a7c0a00, 0x000001f61a7c0b70]
Event: 4.934 Thread 0x000001f63384e800  626       3       org.lwjgl.glfw.GLFW::glfwSwapBuffers (21 bytes)
Event: 4.934 Thread 0x000001f63384e800 nmethod 626 0x000001f61a7cb710 code [0x000001f61a7cb8a0, 0x000001f61a7cbba0]
Event: 4.948 Thread 0x000001f63384e800  627       3       org.lwjgl.glfw.GLFW::glfwPollEvents (12 bytes)
Event: 4.948 Thread 0x000001f63384e800 nmethod 627 0x000001f61a7cb310 code [0x000001f61a7cb480, 0x000001f61a7cb650]

GC Heap History (0 events):
No events

Deoptimization events (0 events):
No events

Classes redefined (0 events):
No events

Internal exceptions (10 events):
Event: 0.259 Thread 0x000001f618989800 Exception <a 'sun/nio/fs/WindowsException'> (0x000000076baf0368) thrown at [C:\cygwin64\tmp\openjdk-jdk8u-windows-x64-hotspot\workspace\build\src\hotspot\src\share\vm\prims\jni.cpp, line 710]
Event: 0.259 Thread 0x000001f618989800 Exception <a 'sun/nio/fs/WindowsException'> (0x000000076baf0c38) thrown at [C:\cygwin64\tmp\openjdk-jdk8u-windows-x64-hotspot\workspace\build\src\hotspot\src\share\vm\prims\jni.cpp, line 710]
Event: 0.302 Thread 0x000001f618989800 Exception <a 'sun/nio/fs/WindowsException'> (0x000000076bc7ae78) thrown at [C:\cygwin64\tmp\openjdk-jdk8u-windows-x64-hotspot\workspace\build\src\hotspot\src\share\vm\prims\jni.cpp, line 710]
Event: 0.302 Thread 0x000001f618989800 Exception <a 'sun/nio/fs/WindowsException'> (0x000000076bc7b5d0) thrown at [C:\cygwin64\tmp\openjdk-jdk8u-windows-x64-hotspot\workspace\build\src\hotspot\src\share\vm\prims\jni.cpp, line 710]
Event: 0.316 Thread 0x000001f618989800 Exception <a 'sun/nio/fs/WindowsException'> (0x000000076bd1a078) thrown at [C:\cygwin64\tmp\openjdk-jdk8u-windows-x64-hotspot\workspace\build\src\hotspot\src\share\vm\prims\jni.cpp, line 710]
Event: 0.316 Thread 0x000001f618989800 Exception <a 'sun/nio/fs/WindowsException'> (0x000000076bd1a780) thrown at [C:\cygwin64\tmp\openjdk-jdk8u-windows-x64-hotspot\workspace\build\src\hotspot\src\share\vm\prims\jni.cpp, line 710]
Event: 0.444 Thread 0x000001f618989800 Exception <a 'sun/nio/fs/WindowsException'> (0x000000076bd8c8c0) thrown at [C:\cygwin64\tmp\openjdk-jdk8u-windows-x64-hotspot\workspace\build\src\hotspot\src\share\vm\prims\jni.cpp, line 710]
Event: 0.444 Thread 0x000001f618989800 Exception <a 'sun/nio/fs/WindowsException'> (0x000000076bd8d028) thrown at [C:\cygwin64\tmp\openjdk-jdk8u-windows-x64-hotspot\workspace\build\src\hotspot\src\share\vm\prims\jni.cpp, line 710]
Event: 0.446 Thread 0x000001f618989800 Exception <a 'sun/nio/fs/WindowsException'> (0x000000076bd9c9a8) thrown at [C:\cygwin64\tmp\openjdk-jdk8u-windows-x64-hotspot\workspace\build\src\hotspot\src\share\vm\prims\jni.cpp, line 710]
Event: 0.446 Thread 0x000001f618989800 Exception <a 'sun/nio/fs/WindowsException'> (0x000000076bd9cfc8) thrown at [C:\cygwin64\tmp\openjdk-jdk8u-windows-x64-hotspot\workspace\build\src\hotspot\src\share\vm\prims\jni.cpp, line 710]

Events (10 events):
Event: 5.137 Thread 0x000001f618989800 DEOPT PACKING pc=0x000001f61a79a6c9 sp=0x00000098aa6fdfa0
Event: 5.137 Thread 0x000001f618989800 DEOPT UNPACKING pc=0x000001f61a5475d8 sp=0x00000098aa6fdcf0 mode 1
Event: 5.137 Executing VM operation: RevokeBias
Event: 5.137 Executing VM operation: RevokeBias done
Event: 5.137 Thread 0x000001f618989800 DEOPT PACKING pc=0x000001f61a67d4b4 sp=0x00000098aa6fe020
Event: 5.137 Thread 0x000001f618989800 DEOPT UNPACKING pc=0x000001f61a5475d8 sp=0x00000098aa6fde40 mode 1
Event: 5.137 Executing VM operation: RevokeBias
Event: 5.137 Executing VM operation: RevokeBias done
Event: 5.137 Thread 0x000001f618989800 DEOPT PACKING pc=0x000001f61a67d244 sp=0x00000098aa6fe1b0
Event: 5.137 Thread 0x000001f618989800 DEOPT UNPACKING pc=0x000001f61a5475d8 sp=0x00000098aa6fdfd0 mode 1


Dynamic libraries:
0x00007ff796f90000 - 0x00007ff796fca000 	C:\Users\Nicolas\AppData\Local\Programs\AdoptOpenJDK\bin\java.exe
0x00007ffa56880000 - 0x00007ffa56a70000 	C:\WINDOWS\SYSTEM32\ntdll.dll
0x00007ffa54c90000 - 0x00007ffa54d42000 	C:\WINDOWS\System32\KERNEL32.DLL
0x00007ffa53810000 - 0x00007ffa53ab3000 	C:\WINDOWS\System32\KERNELBASE.dll
0x00007ffa56660000 - 0x00007ffa56703000 	C:\WINDOWS\System32\ADVAPI32.dll
0x00007ffa565c0000 - 0x00007ffa5665e000 	C:\WINDOWS\System32\msvcrt.dll
0x00007ffa55e00000 - 0x00007ffa55e97000 	C:\WINDOWS\System32\sechost.dll
0x00007ffa549c0000 - 0x00007ffa54ae0000 	C:\WINDOWS\System32\RPCRT4.dll
0x00007ffa56420000 - 0x00007ffa565b4000 	C:\WINDOWS\System32\USER32.dll
0x00007ffa53b10000 - 0x00007ffa53b31000 	C:\WINDOWS\System32\win32u.dll
0x00007ffa54dc0000 - 0x00007ffa54de6000 	C:\WINDOWS\System32\GDI32.dll
0x00007ffa54560000 - 0x00007ffa546f4000 	C:\WINDOWS\System32\gdi32full.dll
0x00007ffa54890000 - 0x00007ffa5492e000 	C:\WINDOWS\System32\msvcp_win.dll
0x00007ffa54790000 - 0x00007ffa5488a000 	C:\WINDOWS\System32\ucrtbase.dll
0x00007ffa43730000 - 0x00007ffa439b5000 	C:\WINDOWS\WinSxS\amd64_microsoft.windows.common-controls_6595b64144ccf1df_6.0.18362.535_none_e6c3b34713100821\COMCTL32.dll
0x00007ffa554e0000 - 0x00007ffa55816000 	C:\WINDOWS\System32\combase.dll
0x00007ffa53d40000 - 0x00007ffa53dc0000 	C:\WINDOWS\System32\bcryptPrimitives.dll
0x00007ffa54990000 - 0x00007ffa549be000 	C:\WINDOWS\System32\IMM32.DLL
0x00007ffa09fb0000 - 0x00007ffa0a09f000 	C:\Users\Nicolas\AppData\Local\Programs\AdoptOpenJDK\jre\bin\msvcr120.dll
0x00007ff9f2a70000 - 0x00007ff9f2b16000 	C:\Users\Nicolas\AppData\Local\Programs\AdoptOpenJDK\jre\bin\msvcp120.dll
0x0000000068d80000 - 0x000000006957f000 	C:\Users\Nicolas\AppData\Local\Programs\AdoptOpenJDK\jre\bin\server\jvm.dll
0x00007ffa55c10000 - 0x00007ffa55c18000 	C:\WINDOWS\System32\PSAPI.DLL
0x00007ffa3de50000 - 0x00007ffa3de59000 	C:\WINDOWS\SYSTEM32\WSOCK32.dll
0x00007ffa518e0000 - 0x00007ffa51904000 	C:\WINDOWS\SYSTEM32\WINMM.dll
0x00007ffa4dd70000 - 0x00007ffa4dd7a000 	C:\WINDOWS\SYSTEM32\VERSION.dll
0x00007ffa55980000 - 0x00007ffa559ef000 	C:\WINDOWS\System32\WS2_32.dll
0x00007ffa51880000 - 0x00007ffa518ad000 	C:\WINDOWS\SYSTEM32\winmmbase.dll
0x00007ffa53ac0000 - 0x00007ffa53b0a000 	C:\WINDOWS\System32\cfgmgr32.dll
0x00007ffa41660000 - 0x00007ffa4166f000 	C:\Users\Nicolas\AppData\Local\Programs\AdoptOpenJDK\jre\bin\verify.dll
0x00007ffa20060000 - 0x00007ffa20088000 	C:\Users\Nicolas\AppData\Local\Programs\AdoptOpenJDK\jre\bin\java.dll
0x00007ffa1d0e0000 - 0x00007ffa1d115000 	C:\Users\Nicolas\AppData\Local\Programs\AdoptOpenJDK\jre\bin\jdwp.dll
0x00007ffa40560000 - 0x00007ffa40568000 	C:\Users\Nicolas\AppData\Local\Programs\AdoptOpenJDK\jre\bin\npt.dll
0x00007ffa31020000 - 0x00007ffa31036000 	C:\Users\Nicolas\AppData\Local\Programs\AdoptOpenJDK\jre\bin\zip.dll
0x00007ffa54df0000 - 0x00007ffa554d5000 	C:\WINDOWS\System32\SHELL32.dll
0x00007ffa55a00000 - 0x00007ffa55aa9000 	C:\WINDOWS\System32\shcore.dll
0x00007ffa53dc0000 - 0x00007ffa5453f000 	C:\WINDOWS\System32\windows.storage.dll
0x00007ffa537a0000 - 0x00007ffa537bf000 	C:\WINDOWS\System32\profapi.dll
0x00007ffa537c0000 - 0x00007ffa5380a000 	C:\WINDOWS\System32\powrprof.dll
0x00007ffa53750000 - 0x00007ffa53760000 	C:\WINDOWS\System32\UMPDC.dll
0x00007ffa567e0000 - 0x00007ffa56832000 	C:\WINDOWS\System32\shlwapi.dll
0x00007ffa53780000 - 0x00007ffa53791000 	C:\WINDOWS\System32\kernel.appcore.dll
0x00007ffa54540000 - 0x00007ffa54557000 	C:\WINDOWS\System32\cryptsp.dll
0x00007ffa40550000 - 0x00007ffa40559000 	C:\Users\Nicolas\AppData\Local\Programs\AdoptOpenJDK\jre\bin\dt_socket.dll
0x00007ffa3bfc0000 - 0x00007ffa3bfd6000 	C:\WINDOWS\system32\napinsp.dll
0x00007ffa3bba0000 - 0x00007ffa3bbba000 	C:\WINDOWS\system32\pnrpnsp.dll
0x00007ffa52fc0000 - 0x00007ffa53027000 	C:\WINDOWS\System32\mswsock.dll
0x00007ffa52d10000 - 0x00007ffa52dda000 	C:\WINDOWS\SYSTEM32\DNSAPI.dll
0x00007ffa55970000 - 0x00007ffa55978000 	C:\WINDOWS\System32\NSI.dll
0x00007ffa52cd0000 - 0x00007ffa52d0a000 	C:\WINDOWS\SYSTEM32\IPHLPAPI.DLL
0x00007ffa3bb90000 - 0x00007ffa3bb9e000 	C:\WINDOWS\System32\winrnr.dll
0x00007ffa500a0000 - 0x00007ffa500bc000 	C:\WINDOWS\system32\NLAapi.dll
0x00007ffa4e0e0000 - 0x00007ffa4e0f5000 	C:\WINDOWS\system32\wshbth.dll
0x0000000069580000 - 0x00000000695b5000 	C:\Program Files\Bonjour\mdnsNSP.dll
0x00007ffa4baf0000 - 0x00007ffa4bb67000 	C:\WINDOWS\System32\fwpuclnt.dll
0x00007ffa54760000 - 0x00007ffa54786000 	C:\WINDOWS\System32\bcrypt.dll
0x00007ffa4cb10000 - 0x00007ffa4cb1a000 	C:\Windows\System32\rasadhlp.dll
0x00007ffa306d0000 - 0x00007ffa306ea000 	C:\Users\Nicolas\AppData\Local\Programs\AdoptOpenJDK\jre\bin\net.dll
0x00007ffa1f050000 - 0x00007ffa1f062000 	C:\Users\Nicolas\AppData\Local\Programs\AdoptOpenJDK\jre\bin\nio.dll
0x00007ff9e8830000 - 0x00007ff9e8894000 	C:\Users\Nicolas\AppData\Local\Temp\lwjglNicolas\3.2.3-build-13\lwjgl.dll
0x00007ff9e2bc0000 - 0x00007ff9e2e13000 	C:\Users\Nicolas\AppData\Local\Temp\lwjglNicolas\3.2.3-build-13\jemalloc.dll
0x00007ff9e87c0000 - 0x00007ff9e8822000 	C:\Users\Nicolas\AppData\Local\Temp\lwjglNicolas\3.2.3-build-13\glfw.dll
0x00007ffa51ad0000 - 0x00007ffa51b69000 	C:\WINDOWS\system32\uxtheme.dll
0x00007ff9f3c00000 - 0x00007ff9f3c43000 	C:\WINDOWS\SYSTEM32\dinput8.dll
0x00007ffa2c060000 - 0x00007ffa2c071000 	C:\WINDOWS\SYSTEM32\xinput1_4.dll
0x00007ffa53550000 - 0x00007ffa5357a000 	C:\WINDOWS\SYSTEM32\DEVOBJ.dll
0x00007ffa51ef0000 - 0x00007ffa51f1d000 	C:\WINDOWS\SYSTEM32\dwmapi.dll
0x00007ffa48080000 - 0x00007ffa4819a000 	C:\WINDOWS\SYSTEM32\inputhost.dll
0x00007ffa51670000 - 0x00007ffa51744000 	C:\WINDOWS\SYSTEM32\CoreMessaging.dll
0x00007ffa4f170000 - 0x00007ffa4f2c3000 	C:\WINDOWS\SYSTEM32\wintypes.dll
0x00007ffa4cfb0000 - 0x00007ffa4d2da000 	C:\WINDOWS\SYSTEM32\CoreUIComponents.dll
0x00007ffa4fc90000 - 0x00007ffa4fd7f000 	C:\WINDOWS\SYSTEM32\PROPSYS.dll
0x00007ffa56710000 - 0x00007ffa567d4000 	C:\WINDOWS\System32\OLEAUT32.dll
0x00007ffa528b0000 - 0x00007ffa528e1000 	C:\WINDOWS\SYSTEM32\ntmarta.dll
0x00007ffa55ca0000 - 0x00007ffa55dd5000 	C:\WINDOWS\System32\MSCTF.dll
0x00007ffa52360000 - 0x00007ffa5236e000 	C:\WINDOWS\SYSTEM32\HID.DLL
0x00007ffa55fb0000 - 0x00007ffa56420000 	C:\WINDOWS\System32\SETUPAPI.DLL
0x00007ffa54700000 - 0x00007ffa5475c000 	C:\WINDOWS\System32\WINTRUST.dll
0x00007ffa53760000 - 0x00007ffa53772000 	C:\WINDOWS\System32\MSASN1.dll
0x00007ffa53b40000 - 0x00007ffa53c89000 	C:\WINDOWS\System32\CRYPT32.dll
0x00007ffa0a7f0000 - 0x00007ffa0a946000 	C:\WINDOWS\SYSTEM32\opengl32.dll
0x00007ffa0d930000 - 0x00007ffa0d95c000 	C:\WINDOWS\SYSTEM32\GLU32.dll
0x00007ffa52430000 - 0x00007ffa52450000 	C:\WINDOWS\SYSTEM32\dxcore.dll
0x00007ff9e0ca0000 - 0x00007ff9e1b5f000 	C:\WINDOWS\System32\DriverStore\FileRepository\iigd_base.inf_amd64_09742e264a6de40b\ig9icd64.dll
0x00007ffa500c0000 - 0x00007ffa500d3000 	C:\WINDOWS\SYSTEM32\WTSAPI32.dll
0x00007ffa52450000 - 0x00007ffa5253b000 	C:\WINDOWS\SYSTEM32\dxgi.dll
0x00007ffa45960000 - 0x00007ffa476f5000 	C:\WINDOWS\System32\DriverStore\FileRepository\iigd_base.inf_amd64_09742e264a6de40b\igc64.dll
0x00007ffa481a0000 - 0x00007ffa4823e000 	C:\WINDOWS\System32\TextInputFramework.dll
0x00007ffa440c0000 - 0x00007ffa44366000 	C:\WINDOWS\System32\iertutil.dll
0x00007ff9ea260000 - 0x00007ff9ea2b9000 	C:\Users\Nicolas\AppData\Local\Temp\lwjglNicolas\3.2.3-build-13\lwjgl_opengl.dll
0x00007ffa49b90000 - 0x00007ffa49d84000 	C:\WINDOWS\SYSTEM32\dbghelp.dll

VM Arguments:
jvm_args: -agentlib:jdwp=transport=dt_socket,server=n,suspend=y,address=localhost:52866 -Dfile.encoding=UTF-8 
java_command: computergraphics.App
java_class_path (initial): C:\Users\Nicolas\AppData\Local\Temp\cp_11vc7vaajf1a30rt0rpu0wdz.jar
Launcher Type: SUN_STANDARD

Environment Variables:
JAVA_HOME=C:\Users\Nicolas\AppData\Local\Programs\AdoptOpenJDK\
PATH=C:\Program Files\AdoptOpenJDK\jdk-13.0.1.9-hotspot\bin;C:\Program Files\Oculus\Support\oculus-runtime;C:\Program Files (x86)\Razer Chroma SDK\bin;C:\Program Files\Razer Chroma SDK\bin;C:\Program Files (x86)\Razer\ChromaBroadcast\bin;C:\Program Files\Razer\ChromaBroadcast\bin;C:\Program Files (x86)\Common Files\Oracle\Java\javapath;C:\Windows\system32;C:\Windows;C:\Windows\System32\Wbem;C:\Windows\System32\WindowsPowerShell\v1.0\;C:\Windows\System32\OpenSSH\;C:\Program Files\Intel\WiFi\bin\;C:\Program Files\Common Files\Intel\WirelessCommon\;C:\Program Files\NVIDIA Corporation\NVIDIA NvDLISR;C:\Program Files (x86)\NVIDIA Corporation\PhysX\Common;C:\Program Files\Git\cmd;C:\Windows\system32\config\systemprofile\AppData\Local\Microsoft\WindowsApps;C:\WINDOWS\system32;C:\WINDOWS;C:\WINDOWS\System32\Wbem;C:\WINDOWS\System32\WindowsPowerShell\v1.0\;C:\WINDOWS\System32\OpenSSH\;C:\Program Files\nodejs\;C:\Users\Nicolas\AppData\Local\Programs\AdoptOpenJDK\bin;C:\Users\Nicolas\AppData\Local\Microsoft\WindowsApps;C:\Program Files\Intel\WiFi\bin\;C:\Program Files\Common Files\Intel\WirelessCommon\;C:\Users\Nicolas\AppData\Local\Programs\Microsoft VS Code\bin;C:\Users\Nicolas\AppData\Roaming\npm
USERNAME=Nicolas
OS=Windows_NT
PROCESSOR_IDENTIFIER=Intel64 Family 6 Model 158 Stepping 10, GenuineIntel



---------------  S Y S T E M  ---------------

OS: Windows 10.0 , 64 bit Build 18362 (10.0.18362.329)

CPU:total 12 (initial active 12) (6 cores per cpu, 2 threads per core) family 6 model 158 stepping 10, cmov, cx8, fxsr, mmx, sse, sse2, sse3, ssse3, sse4.1, sse4.2, popcnt, avx, avx2, aes, clmul, erms, 3dnowpref, lzcnt, ht, tsc, tscinvbit, bmi1, bmi2, adx

Memory: 4k page, physical 16674900k(6667200k free), swap 31879252k(12613316k free)

vm_info: OpenJDK 64-Bit Server VM (25.232-b09) for windows-amd64 JRE (1.8.0_232-b09), built on Oct 18 2019 15:06:13 by "jenkins" with MS VC++ 12.0 (VS2013)

time: Tue Jan 07 11:28:59 2020
timezone: Eastern Standard Time
elapsed time: 5 seconds (0d 0h 0m 5s)

